[debug] [2020-09-16T01:55:24.850Z] ----------------------------------------------------------------------
[debug] [2020-09-16T01:55:24.852Z] Command:       C:\Program Files\nodejs\node.exe C:\Users\Samia UW\AppData\Roaming\npm\node_modules\firebase-tools\lib\bin\firebase.js init
[debug] [2020-09-16T01:55:24.852Z] CLI Version:   8.9.2
[debug] [2020-09-16T01:55:24.852Z] Platform:      win32
[debug] [2020-09-16T01:55:24.852Z] Node Version:  v12.18.3
[debug] [2020-09-16T01:55:24.853Z] Time:          Tue Sep 15 2020 21:55:24 GMT-0400 (Eastern Daylight Time)
[debug] [2020-09-16T01:55:24.853Z] ----------------------------------------------------------------------
[debug] [2020-09-16T01:55:24.853Z] 
[debug] [2020-09-16T01:55:24.860Z] > command requires scopes: ["email","openid","https://www.googleapis.com/auth/cloudplatformprojects.readonly","https://www.googleapis.com/auth/firebase","https://www.googleapis.com/auth/cloud-platform"]
[debug] [2020-09-16T01:55:24.860Z] > authorizing via signed-in user
[info] 
     ######## #### ########  ######## ########     ###     ######  ########
     ##        ##  ##     ## ##       ##     ##  ##   ##  ##       ##
     ######    ##  ########  ######   ########  #########  ######  ######
     ##        ##  ##    ##  ##       ##     ## ##     ##       ## ##
     ##       #### ##     ## ######## ########  ##     ##  ######  ########

You're about to initialize a Firebase project in this directory:

  C:\My\React CleverP\instagram-clone-react\instagram-clone

Before we get started, keep in mind:

  * You are currently outside your home directory

